<?xml version="1.0" encoding="UTF-8"?>
<testsuite name="com.thoughtworks.rectangle.RectangleAreaTest" tests="1" skipped="0" failures="0" errors="0" timestamp="2024-01-03T06:41:12" hostname="gurushifu-gurushifugitp-jbksvqn5q0e" time="0.012">
  <properties/>
  <testcase name="shouldcalcalateArea()" classname="com.thoughtworks.rectangle.RectangleAreaTest" time="0.012"/>
  <system-out><![CDATA[]]></system-out>
  <system-err><![CDATA[]]></system-err>
</testsuite>
